[2026-04-06T13:32:38.638Z] [system] OpalFarm dashboard starting
[2026-04-06T13:32:38.641Z] [warning] adb unavailable: spawnSync C:\Users\juanp\AppData\Local\Android\Sdk\platform-tools\adb.exe EPERM
[2026-04-06T13:32:38.653Z] [system] Running PowerShell script audit-phonefarm-routing.ps1
[2026-04-06T13:34:09.359Z] [system] OpalFarm dashboard starting
[2026-04-06T13:34:09.361Z] [warning] adb unavailable: spawnSync C:\Users\juanp\AppData\Local\Android\Sdk\platform-tools\adb.exe EPERM
[2026-04-06T13:34:09.370Z] [system] Running PowerShell script audit-phonefarm-routing.ps1
[2026-04-06T13:34:19.355Z] [system] OpalFarm dashboard starting
[2026-04-06T13:34:19.358Z] [warning] adb unavailable: spawnSync C:\Users\juanp\AppData\Local\Android\Sdk\platform-tools\adb.exe EPERM
[2026-04-06T13:34:19.369Z] [system] Running PowerShell script audit-phonefarm-routing.ps1
[2026-04-06T13:39:38.642Z] [system] OpalFarm dashboard starting
[2026-04-06T13:39:38.644Z] [warning] adb unavailable: spawnSync C:\Users\juanp\AppData\Local\Android\Sdk\platform-tools\adb.exe EPERM
[2026-04-06T13:39:38.653Z] [system] Running PowerShell script audit-phonefarm-routing.ps1
[2026-04-06T13:39:38.654Z] [routing] Routing audit startup skipped: spawn EPERM
[2026-04-06T13:39:38.668Z] [system] Dashboard listening on http://127.0.0.1:7781
[2026-04-06T13:39:49.757Z] [system] OpalFarm dashboard starting
[2026-04-06T13:39:49.759Z] [warning] adb unavailable: spawnSync C:\Users\juanp\AppData\Local\Android\Sdk\platform-tools\adb.exe EPERM
[2026-04-06T13:39:49.768Z] [system] Running PowerShell script audit-phonefarm-routing.ps1
[2026-04-06T13:39:49.769Z] [routing] Routing audit startup skipped: spawn EPERM
[2026-04-06T13:39:49.783Z] [system] Dashboard listening on http://127.0.0.1:7781
[2026-04-06T13:40:05.677Z] [system] OpalFarm dashboard starting
[2026-04-06T13:40:05.679Z] [warning] adb unavailable: spawnSync C:\Users\juanp\AppData\Local\Android\Sdk\platform-tools\adb.exe EPERM
[2026-04-06T13:40:05.691Z] [system] Running PowerShell script audit-phonefarm-routing.ps1
[2026-04-06T13:40:05.692Z] [routing] Routing audit startup skipped: spawn EPERM
[2026-04-06T13:40:05.706Z] [system] Dashboard listening on http://127.0.0.1:7781
[2026-04-06T13:40:08.546Z] [router] Opal 01 router-health failed by operator
[2026-04-06T13:40:22.171Z] [system] OpalFarm dashboard starting
[2026-04-06T13:40:22.174Z] [warning] adb unavailable: spawnSync C:\Users\juanp\AppData\Local\Android\Sdk\platform-tools\adb.exe EPERM
[2026-04-06T13:40:22.182Z] [system] Running PowerShell script audit-phonefarm-routing.ps1
[2026-04-06T13:40:22.183Z] [routing] Routing audit startup skipped: spawn EPERM
[2026-04-06T13:40:22.197Z] [system] Dashboard listening on http://127.0.0.1:7781
[2026-04-06T13:40:25.042Z] [router] Opal 01 router-health failed by operator
[2026-04-06T13:40:39.373Z] [system] OpalFarm dashboard starting
[2026-04-06T13:40:39.375Z] [warning] adb unavailable: spawnSync C:\Users\juanp\AppData\Local\Android\Sdk\platform-tools\adb.exe EPERM
[2026-04-06T13:40:39.384Z] [system] Running PowerShell script audit-phonefarm-routing.ps1
[2026-04-06T13:40:39.385Z] [routing] Routing audit startup skipped: spawn EPERM
[2026-04-06T13:40:39.400Z] [system] Dashboard listening on http://127.0.0.1:7781
[2026-04-06T13:41:04.137Z] [system] OpalFarm dashboard starting
[2026-04-06T13:41:04.139Z] [warning] adb unavailable: spawnSync C:\Users\juanp\AppData\Local\Android\Sdk\platform-tools\adb.exe EPERM
[2026-04-06T13:41:04.148Z] [system] Running PowerShell script audit-phonefarm-routing.ps1
[2026-04-06T13:41:04.149Z] [routing] Routing audit startup skipped: spawn EPERM
[2026-04-06T13:41:04.163Z] [system] Dashboard listening on http://127.0.0.1:7781
[2026-04-06T14:10:45.318Z] [system] OpalFarm dashboard starting
[2026-04-06T14:10:45.320Z] [warning] adb unavailable: spawnSync C:\Users\juanp\AppData\Local\Android\Sdk\platform-tools\adb.exe EPERM
[2026-04-06T14:10:45.333Z] [system] Running PowerShell script audit-phonefarm-routing.ps1
[2026-04-06T14:10:45.334Z] [routing] Routing audit startup skipped: spawn EPERM
[2026-04-06T14:10:45.352Z] [system] Dashboard listening on http://127.0.0.1:7781
[2026-04-07T08:32:32.978Z] [system] OpalFarm dashboard starting
[2026-04-07T08:32:32.980Z] [warning] adb unavailable: spawnSync C:\Users\juanp\AppData\Local\Android\Sdk\platform-tools\adb.exe EPERM
[2026-04-07T08:32:32.994Z] [system] Running PowerShell script audit-phonefarm-routing.ps1
[2026-04-07T08:32:32.995Z] [routing] Routing audit startup skipped: spawn EPERM
[2026-04-07T08:32:33.014Z] [system] Dashboard listening on http://127.0.0.1:7781
[2026-04-07T09:29:26.277Z] [system] OpalFarm dashboard starting
[2026-04-07T09:29:26.279Z] [warning] adb unavailable: spawnSync C:\Users\juanp\AppData\Local\Android\Sdk\platform-tools\adb.exe EPERM
[2026-04-07T09:29:26.292Z] [system] Running PowerShell script audit-phonefarm-routing.ps1
[2026-04-07T09:29:26.294Z] [routing] Routing audit startup skipped: spawn EPERM
[2026-04-07T09:29:26.315Z] [system] Dashboard listening on http://127.0.0.1:7781
